[2026-04-15 21:45:39] [INFO] 配置文件已加载: /data/data/com.termux/files/home/MLH-Terminal/Data/config
[2026-04-15 21:45:48] [INPUT] 用户输入: ls
[2026-04-15 21:45:51] [INPUT] 用户输入: help
[2026-04-15 21:48:12] [INPUT] 用户输入: info
[2026-04-15 21:54:21] [INPUT] 用户输入: exit
[2026-04-15 21:54:51] [INFO] 配置文件已加载: /data/data/com.termux/files/home/MLH-Terminal/Data/config
[2026-04-15 21:54:59] [INPUT] 用户输入: conversion
[2026-04-15 21:54:59] [ERROR] 命令执行失败: conversion (退出码: 127)
[2026-04-15 21:55:08] [INPUT] 用户输入: Conversion
[2026-04-15 21:55:08] [COMMAND] 执行自定义命令: Conversion 
[2026-04-15 21:55:08] [COMMAND] 自定义命令 'Conversion' 退出码: 0
[2026-04-15 21:56:12] [INPUT] 用户输入: exit
[2026-04-15 21:56:18] [INFO] 配置文件已加载: /data/data/com.termux/files/home/MLH-Terminal/Data/config
[2026-04-15 21:56:21] [INPUT] 用户输入: conversion
[2026-04-15 21:56:21] [COMMAND] 执行自定义命令: conversion 
[2026-04-15 21:56:21] [COMMAND] 自定义命令 'conversion' 退出码: 0
[2026-04-15 22:29:26] [INFO] 配置文件已加载: /data/data/com.termux/files/home/MLH-Terminal/Data/config
[2026-04-15 22:29:30] [INPUT] 用户输入: conversion
[2026-04-15 22:29:30] [COMMAND] 执行自定义命令: conversion 
[2026-04-15 22:29:30] [COMMAND] 自定义命令 'conversion' 退出码: 0
[2026-04-15 22:31:29] [INPUT] 用户输入: conversion /storage/emulated/0/Pictures/1761485032209_edit_828759114730821.jpg png /storage/emulated/0/
[2026-04-15 22:31:29] [COMMAND] 执行自定义命令: conversion /storage/emulated/0/Pictures/1761485032209_edit_828759114730821.jpg png /storage/emulated/0/
[2026-04-15 22:31:33] [COMMAND] 自定义命令 'conversion' 退出码: 1
[2026-04-15 22:32:30] [INPUT] 用户输入: pkg install ffmpeg imagemagick sox -y
[2026-04-15 22:36:41] [INPUT] 用户输入: conversion /storage/emulated/0/Pictures/1761485032209_edit_828759114730821.jpg png /storage/emulated/0/
[2026-04-15 22:36:41] [COMMAND] 执行自定义命令: conversion /storage/emulated/0/Pictures/1761485032209_edit_828759114730821.jpg png /storage/emulated/0/
[2026-04-15 22:36:41] [COMMAND] 自定义命令 'conversion' 退出码: 1
[2026-04-15 22:42:22] [INPUT] 用户输入: pkg install bc -y
[2026-04-15 22:42:49] [INPUT] 用户输入: conversion /storage/emulated/0/Pictures/1761485032209_edit_828759114730821.jpg png ~/
[2026-04-15 22:42:49] [COMMAND] 执行自定义命令: conversion /storage/emulated/0/Pictures/1761485032209_edit_828759114730821.jpg png ~/
[2026-04-15 22:42:50] [COMMAND] 自定义命令 'conversion' 退出码: 1
[2026-04-16 06:52:59] [INFO] 配置文件已加载: /data/data/com.termux/files/home/MLH-Terminal/Data/config
[2026-04-16 06:53:02] [INPUT] 用户输入: reload
[2026-04-16 06:53:02] [INFO] 配置文件已加载: /data/data/com.termux/files/home/MLH-Terminal/Data/config
[2026-04-16 06:54:11] [INPUT] 用户输入: exit
